<?xml version="1.0" encoding="UTF-8"?>
<!-- Generated by org.testng.reporters.JUnitReportReporter -->
<testsuite skipped="0" hostname="LAPTOP-IHRJMAE9" name="testing.demos.GmailTest" tests="1" failures="0" timestamp="24 Mar 2022 12:17:10 GMT" time="0.042" errors="0">
  <testcase name="SendMail" time="0.042" classname="testing.demos.GmailTest"/>
</testsuite> <!-- testing.demos.GmailTest -->
