<?xml version="1.0" encoding="UTF-8"?>
<!-- Generated by org.testng.reporters.JUnitReportReporter -->
<testsuite skipped="0" hostname="LAPTOP-IHRJMAE9" name="testing.demos.ReceiveMailTest" tests="1" failures="0" timestamp="24 Mar 2022 12:17:10 GMT" time="0.000" errors="0">
  <testcase name="receivemail" time="0.000" classname="testing.demos.ReceiveMailTest"/>
</testsuite> <!-- testing.demos.ReceiveMailTest -->
